<?xml version="1.0" encoding="UTF-8"?>
<testng-results skipped="0" failed="2" ignored="0" total="6" passed="4">
  <reporter-output>
  </reporter-output>
  <suite name="Default suite" duration-ms="58" started-at="2018-09-30T20:21:37Z" finished-at="2018-09-30T20:21:37Z">
    <groups>
    </groups>
    <test name="Default test" duration-ms="58" started-at="2018-09-30T20:21:37Z" finished-at="2018-09-30T20:21:37Z">
      <class name="com.epam.tat.calctest.testng.TstPow">
        <test-method status="PASS" signature="setUp()[pri:0, instance:com.epam.tat.calctest.testng.TstPow@28feb3fa]" name="setUp" is-config="true" duration-ms="12" started-at="2018-09-30T20:21:37Z" finished-at="2018-09-30T20:21:37Z">
          <reporter-output>
          </reporter-output>
        </test-method> <!-- setUp -->
        <test-method status="FAIL" signature="powTest(double, double, double)[pri:0, instance:com.epam.tat.calctest.testng.TstPow@28feb3fa]" name="powTest" duration-ms="6" started-at="2018-09-30T20:21:37Z" data-provider="powData" finished-at="2018-09-30T20:21:37Z">
          <params>
            <param index="0">
              <value>
                <![CDATA[0.0]]>
              </value>
            </param>
            <param index="1">
              <value>
                <![CDATA[0.0]]>
              </value>
            </param>
            <param index="2">
              <value>
                <![CDATA[0.0]]>
              </value>
            </param>
          </params>
          <exception class="java.lang.AssertionError">
            <message>
              <![CDATA[Invalid result expected [0.0] but found [1.0]]]>
            </message>
            <full-stacktrace>
              <![CDATA[java.lang.AssertionError: Invalid result expected [0.0] but found [1.0]
at org.testng.Assert.fail(Assert.java:96)
at org.testng.Assert.failNotEquals(Assert.java:776)
at org.testng.Assert.assertEqualsImpl(Assert.java:137)
at org.testng.Assert.assertEquals(Assert.java:118)
at com.epam.tat.calctest.testng.TstPow.powTest(TstPow.java:12)
at sun.reflect.NativeMethodAccessorImpl.invoke0(Native Method)
at sun.reflect.NativeMethodAccessorImpl.invoke(NativeMethodAccessorImpl.java:62)
at sun.reflect.DelegatingMethodAccessorImpl.invoke(DelegatingMethodAccessorImpl.java:43)
at java.lang.reflect.Method.invoke(Method.java:498)
at org.testng.internal.MethodInvocationHelper.invokeMethod(MethodInvocationHelper.java:124)
at org.testng.internal.Invoker.invokeMethod(Invoker.java:583)
at org.testng.internal.Invoker.invokeTestMethod(Invoker.java:719)
at org.testng.internal.Invoker.invokeTestMethods(Invoker.java:989)
at org.testng.internal.TestMethodWorker.invokeTestMethods(TestMethodWorker.java:125)
at org.testng.internal.TestMethodWorker.run(TestMethodWorker.java:109)
at org.testng.TestRunner.privateRun(TestRunner.java:648)
at org.testng.TestRunner.run(TestRunner.java:505)
at org.testng.SuiteRunner.runTest(SuiteRunner.java:455)
at org.testng.SuiteRunner.runSequentially(SuiteRunner.java:450)
at org.testng.SuiteRunner.privateRun(SuiteRunner.java:415)
at org.testng.SuiteRunner.run(SuiteRunner.java:364)
at org.testng.SuiteRunnerWorker.runSuite(SuiteRunnerWorker.java:52)
at org.testng.SuiteRunnerWorker.run(SuiteRunnerWorker.java:84)
at org.testng.TestNG.runSuitesSequentially(TestNG.java:1208)
at org.testng.TestNG.runSuitesLocally(TestNG.java:1137)
at org.testng.TestNG.runSuites(TestNG.java:1049)
at org.testng.TestNG.run(TestNG.java:1017)
at org.testng.remote.AbstractRemoteTestNG.run(AbstractRemoteTestNG.java:114)
at org.testng.remote.RemoteTestNG.initAndRun(RemoteTestNG.java:251)
at org.testng.remote.RemoteTestNG.main(RemoteTestNG.java:77)
]]>
            </full-stacktrace>
          </exception> <!-- java.lang.AssertionError -->
          <reporter-output>
          </reporter-output>
        </test-method> <!-- powTest -->
        <test-method status="PASS" signature="powTest(double, double, double)[pri:0, instance:com.epam.tat.calctest.testng.TstPow@28feb3fa]" name="powTest" duration-ms="2" started-at="2018-09-30T20:21:37Z" data-provider="powData" finished-at="2018-09-30T20:21:37Z">
          <params>
            <param index="0">
              <value>
                <![CDATA[0.0]]>
              </value>
            </param>
            <param index="1">
              <value>
                <![CDATA[1]]>
              </value>
            </param>
            <param index="2">
              <value>
                <![CDATA[0.0]]>
              </value>
            </param>
          </params>
          <reporter-output>
          </reporter-output>
        </test-method> <!-- powTest -->
        <test-method status="PASS" signature="powTest(double, double, double)[pri:0, instance:com.epam.tat.calctest.testng.TstPow@28feb3fa]" name="powTest" duration-ms="1" started-at="2018-09-30T20:21:37Z" data-provider="powData" finished-at="2018-09-30T20:21:37Z">
          <params>
            <param index="0">
              <value>
                <![CDATA[10.0]]>
              </value>
            </param>
            <param index="1">
              <value>
                <![CDATA[1]]>
              </value>
            </param>
            <param index="2">
              <value>
                <![CDATA[10.0]]>
              </value>
            </param>
          </params>
          <reporter-output>
          </reporter-output>
        </test-method> <!-- powTest -->
        <test-method status="PASS" signature="powTest(double, double, double)[pri:0, instance:com.epam.tat.calctest.testng.TstPow@28feb3fa]" name="powTest" duration-ms="1" started-at="2018-09-30T20:21:37Z" data-provider="powData" finished-at="2018-09-30T20:21:37Z">
          <params>
            <param index="0">
              <value>
                <![CDATA[3]]>
              </value>
            </param>
            <param index="1">
              <value>
                <![CDATA[4]]>
              </value>
            </param>
            <param index="2">
              <value>
                <![CDATA[81]]>
              </value>
            </param>
          </params>
          <reporter-output>
          </reporter-output>
        </test-method> <!-- powTest -->
        <test-method status="PASS" signature="powTest(double, double, double)[pri:0, instance:com.epam.tat.calctest.testng.TstPow@28feb3fa]" name="powTest" duration-ms="1" started-at="2018-09-30T20:21:37Z" data-provider="powData" finished-at="2018-09-30T20:21:37Z">
          <params>
            <param index="0">
              <value>
                <![CDATA[4.0]]>
              </value>
            </param>
            <param index="1">
              <value>
                <![CDATA[-2]]>
              </value>
            </param>
            <param index="2">
              <value>
                <![CDATA[0.0625]]>
              </value>
            </param>
          </params>
          <reporter-output>
          </reporter-output>
        </test-method> <!-- powTest -->
        <test-method status="FAIL" signature="powTest(double, double, double)[pri:0, instance:com.epam.tat.calctest.testng.TstPow@28feb3fa]" name="powTest" duration-ms="1" started-at="2018-09-30T20:21:37Z" data-provider="powData" finished-at="2018-09-30T20:21:37Z">
          <params>
            <param index="0">
              <value>
                <![CDATA[3.0]]>
              </value>
            </param>
            <param index="1">
              <value>
                <![CDATA[2.2]]>
              </value>
            </param>
            <param index="2">
              <value>
                <![CDATA[11.211578456539659]]>
              </value>
            </param>
          </params>
          <exception class="java.lang.AssertionError">
            <message>
              <![CDATA[Invalid result expected [11.211578456539659] but found [9.0]]]>
            </message>
            <full-stacktrace>
              <![CDATA[java.lang.AssertionError: Invalid result expected [11.211578456539659] but found [9.0]
at org.testng.Assert.fail(Assert.java:96)
at org.testng.Assert.failNotEquals(Assert.java:776)
at org.testng.Assert.assertEqualsImpl(Assert.java:137)
at org.testng.Assert.assertEquals(Assert.java:118)
at com.epam.tat.calctest.testng.TstPow.powTest(TstPow.java:12)
at sun.reflect.NativeMethodAccessorImpl.invoke0(Native Method)
at sun.reflect.NativeMethodAccessorImpl.invoke(NativeMethodAccessorImpl.java:62)
at sun.reflect.DelegatingMethodAccessorImpl.invoke(DelegatingMethodAccessorImpl.java:43)
at java.lang.reflect.Method.invoke(Method.java:498)
at org.testng.internal.MethodInvocationHelper.invokeMethod(MethodInvocationHelper.java:124)
at org.testng.internal.Invoker.invokeMethod(Invoker.java:583)
at org.testng.internal.Invoker.invokeTestMethod(Invoker.java:719)
at org.testng.internal.Invoker.invokeTestMethods(Invoker.java:989)
at org.testng.internal.TestMethodWorker.invokeTestMethods(TestMethodWorker.java:125)
at org.testng.internal.TestMethodWorker.run(TestMethodWorker.java:109)
at org.testng.TestRunner.privateRun(TestRunner.java:648)
at org.testng.TestRunner.run(TestRunner.java:505)
at org.testng.SuiteRunner.runTest(SuiteRunner.java:455)
at org.testng.SuiteRunner.runSequentially(SuiteRunner.java:450)
at org.testng.SuiteRunner.privateRun(SuiteRunner.java:415)
at org.testng.SuiteRunner.run(SuiteRunner.java:364)
at org.testng.SuiteRunnerWorker.runSuite(SuiteRunnerWorker.java:52)
at org.testng.SuiteRunnerWorker.run(SuiteRunnerWorker.java:84)
at org.testng.TestNG.runSuitesSequentially(TestNG.java:1208)
at org.testng.TestNG.runSuitesLocally(TestNG.java:1137)
at org.testng.TestNG.runSuites(TestNG.java:1049)
at org.testng.TestNG.run(TestNG.java:1017)
at org.testng.remote.AbstractRemoteTestNG.run(AbstractRemoteTestNG.java:114)
at org.testng.remote.RemoteTestNG.initAndRun(RemoteTestNG.java:251)
at org.testng.remote.RemoteTestNG.main(RemoteTestNG.java:77)
]]>
            </full-stacktrace>
          </exception> <!-- java.lang.AssertionError -->
          <reporter-output>
          </reporter-output>
        </test-method> <!-- powTest -->
        <test-method status="PASS" signature="tearDown()[pri:0, instance:com.epam.tat.calctest.testng.TstPow@28feb3fa]" name="tearDown" is-config="true" duration-ms="0" started-at="2018-09-30T20:21:37Z" finished-at="2018-09-30T20:21:37Z">
          <reporter-output>
          </reporter-output>
        </test-method> <!-- tearDown -->
      </class> <!-- com.epam.tat.calctest.testng.TstPow -->
    </test> <!-- Default test -->
  </suite> <!-- Default suite -->
</testng-results>
