<html>
<head>
<title>TestNG:  Tests of arithmetic function with Double aruments</title>
<link href="../testng.css" rel="stylesheet" type="text/css" />
<link href="../my-testng.css" rel="stylesheet" type="text/css" />

<style type="text/css">
.log { display: none;} 
.stack-trace { display: none;} 
</style>
<script type="text/javascript">
<!--
function flip(e) {
  current = e.style.display;
  if (current == 'block') {
    e.style.display = 'none';
    return 0;
  }
  else {
    e.style.display = 'block';
    return 1;
  }
}

function toggleBox(szDivId, elem, msg1, msg2)
{
  var res = -1;  if (document.getElementById) {
    res = flip(document.getElementById(szDivId));
  }
  else if (document.all) {
    // this is the way old msie versions work
    res = flip(document.all[szDivId]);
  }
  if(elem) {
    if(res == 0) elem.innerHTML = msg1; else elem.innerHTML = msg2;
  }

}

function toggleAllBoxes() {
  if (document.getElementsByTagName) {
    d = document.getElementsByTagName('div');
    for (i = 0; i < d.length; i++) {
      if (d[i].className == 'log') {
        flip(d[i]);
      }
    }
  }
}

// -->
</script>

</head>
<body>
<h2 align='center'>Tests of arithmetic function with Double aruments</h2><table border='1' align="center">
<tr>
<td>Tests passed/Failed/Skipped:</td><td>31/3/0</td>
</tr><tr>
<td>Started on:</td><td>Mon Oct 01 15:18:50 MSK 2018</td>
</tr>
<tr><td>Total time:</td><td>0 seconds (168 ms)</td>
</tr><tr>
<td>Included groups:</td><td>doubleInputData </td>
</tr><tr>
<td>Excluded groups:</td><td>trigonometric </td>
</tr>
</table><p/>
<small><i>(Hover the method name to see the test class name)</i></small><p/>
<table width='100%' border='1' class='invocation-failed'>
<tr><td colspan='4' align='center'><b>FAILED TESTS</b></td></tr>
<tr><td><b>Test method</b></td>
<td width="30%"><b>Exception</b></td>
<td width="10%"><b>Time (seconds)</b></td>
<td><b>Instance</b></td>
</tr>
<tr>
<td title='com.epam.tat.calctest.testng.TstMult.multDoubleTest()'><b>multDoubleTest</b><br>Test class: com.epam.tat.calctest.testng.TstMult<br>Parameters: 1.55, 10.33, 16.0115</td>
<td><div><pre>java.lang.AssertionError: Invalid result expected [16.0115] but found [16.0]
	at com.epam.tat.calctest.testng.TstMult.multDoubleTest(TstMult.java:24)
	at java.util.concurrent.FutureTask.run(FutureTask.java:266)
	at java.util.concurrent.ThreadPoolExecutor.runWorker(ThreadPoolExecutor.java:1149)
	at java.util.concurrent.ThreadPoolExecutor$Worker.run(ThreadPoolExecutor.java:624)
	at java.lang.Thread.run(Thread.java:748)
... Removed 20 stack frames</pre></div><a href='#' onClick='toggleBox("stack-trace92767360", this, "Click to show all stack frames", "Click to hide stack frames")'>Click to show all stack frames</a>
<div class='stack-trace' id='stack-trace92767360'><pre>java.lang.AssertionError: Invalid result expected [16.0115] but found [16.0]
	at org.testng.Assert.fail(Assert.java:96)
	at org.testng.Assert.failNotEquals(Assert.java:776)
	at org.testng.Assert.assertEqualsImpl(Assert.java:137)
	at org.testng.Assert.assertEquals(Assert.java:118)
	at com.epam.tat.calctest.testng.TstMult.multDoubleTest(TstMult.java:24)
	at sun.reflect.NativeMethodAccessorImpl.invoke0(Native Method)
	at sun.reflect.NativeMethodAccessorImpl.invoke(NativeMethodAccessorImpl.java:62)
	at sun.reflect.DelegatingMethodAccessorImpl.invoke(DelegatingMethodAccessorImpl.java:43)
	at java.lang.reflect.Method.invoke(Method.java:498)
	at org.testng.internal.MethodInvocationHelper.invokeMethod(MethodInvocationHelper.java:124)
	at org.testng.internal.Invoker.invokeMethod(Invoker.java:583)
	at org.testng.internal.Invoker.invokeTestMethod(Invoker.java:719)
	at org.testng.internal.Invoker.invokeTestMethods(Invoker.java:989)
	at org.testng.internal.TestMethodWorker.invokeTestMethods(TestMethodWorker.java:125)
	at org.testng.internal.TestMethodWorker.run(TestMethodWorker.java:109)
	at org.testng.TestRunner.privateRun(TestRunner.java:648)
	at org.testng.TestRunner.run(TestRunner.java:505)
	at org.testng.SuiteRunner.runTest(SuiteRunner.java:455)
	at org.testng.SuiteRunner.access$000(SuiteRunner.java:40)
	at org.testng.SuiteRunner$SuiteWorker.run(SuiteRunner.java:489)
	at org.testng.internal.thread.ThreadUtil$1.call(ThreadUtil.java:52)
	at java.util.concurrent.FutureTask.run(FutureTask.java:266)
	at java.util.concurrent.ThreadPoolExecutor.runWorker(ThreadPoolExecutor.java:1149)
	at java.util.concurrent.ThreadPoolExecutor$Worker.run(ThreadPoolExecutor.java:624)
	at java.lang.Thread.run(Thread.java:748)
</pre></div></td>
<td>0</td>
<td>com.epam.tat.calctest.testng.TstMult@6eebc39e</td></tr>
<tr>
<td title='com.epam.tat.calctest.testng.TstPow.powTest()'><b>powTest</b><br>Test class: com.epam.tat.calctest.testng.TstPow<br>Parameters: 3.0, 2.2, 11.211578456539659</td>
<td><div><pre>java.lang.AssertionError: Invalid result expected [11.211578456539659] but found [9.0]
	at com.epam.tat.calctest.testng.TstPow.powTest(TstPow.java:14)
	at java.util.concurrent.FutureTask.run(FutureTask.java:266)
	at java.util.concurrent.ThreadPoolExecutor.runWorker(ThreadPoolExecutor.java:1149)
	at java.util.concurrent.ThreadPoolExecutor$Worker.run(ThreadPoolExecutor.java:624)
	at java.lang.Thread.run(Thread.java:748)
... Removed 20 stack frames</pre></div><a href='#' onClick='toggleBox("stack-trace538623811", this, "Click to show all stack frames", "Click to hide stack frames")'>Click to show all stack frames</a>
<div class='stack-trace' id='stack-trace538623811'><pre>java.lang.AssertionError: Invalid result expected [11.211578456539659] but found [9.0]
	at org.testng.Assert.fail(Assert.java:96)
	at org.testng.Assert.failNotEquals(Assert.java:776)
	at org.testng.Assert.assertEqualsImpl(Assert.java:137)
	at org.testng.Assert.assertEquals(Assert.java:118)
	at com.epam.tat.calctest.testng.TstPow.powTest(TstPow.java:14)
	at sun.reflect.NativeMethodAccessorImpl.invoke0(Native Method)
	at sun.reflect.NativeMethodAccessorImpl.invoke(NativeMethodAccessorImpl.java:62)
	at sun.reflect.DelegatingMethodAccessorImpl.invoke(DelegatingMethodAccessorImpl.java:43)
	at java.lang.reflect.Method.invoke(Method.java:498)
	at org.testng.internal.MethodInvocationHelper.invokeMethod(MethodInvocationHelper.java:124)
	at org.testng.internal.Invoker.invokeMethod(Invoker.java:583)
	at org.testng.internal.Invoker.invokeTestMethod(Invoker.java:719)
	at org.testng.internal.Invoker.invokeTestMethods(Invoker.java:989)
	at org.testng.internal.TestMethodWorker.invokeTestMethods(TestMethodWorker.java:125)
	at org.testng.internal.TestMethodWorker.run(TestMethodWorker.java:109)
	at org.testng.TestRunner.privateRun(TestRunner.java:648)
	at org.testng.TestRunner.run(TestRunner.java:505)
	at org.testng.SuiteRunner.runTest(SuiteRunner.java:455)
	at org.testng.SuiteRunner.access$000(SuiteRunner.java:40)
	at org.testng.SuiteRunner$SuiteWorker.run(SuiteRunner.java:489)
	at org.testng.internal.thread.ThreadUtil$1.call(ThreadUtil.java:52)
	at java.util.concurrent.FutureTask.run(FutureTask.java:266)
	at java.util.concurrent.ThreadPoolExecutor.runWorker(ThreadPoolExecutor.java:1149)
	at java.util.concurrent.ThreadPoolExecutor$Worker.run(ThreadPoolExecutor.java:624)
	at java.lang.Thread.run(Thread.java:748)
</pre></div></td>
<td>0</td>
<td>com.epam.tat.calctest.testng.TstPow@464bee09</td></tr>
<tr>
<td title='com.epam.tat.calctest.testng.TstSqrt.sqrtTest()'><b>sqrtTest</b><br>Test class: com.epam.tat.calctest.testng.TstSqrt<br>Parameters: -1, NaN</td>
<td><div><pre>java.lang.AssertionError: Invalid result expected [NaN] but found [1.0]
	at com.epam.tat.calctest.testng.TstSqrt.sqrtTest(TstSqrt.java:21)
	at java.util.concurrent.FutureTask.run(FutureTask.java:266)
	at java.util.concurrent.ThreadPoolExecutor.runWorker(ThreadPoolExecutor.java:1149)
	at java.util.concurrent.ThreadPoolExecutor$Worker.run(ThreadPoolExecutor.java:624)
	at java.lang.Thread.run(Thread.java:748)
... Removed 20 stack frames</pre></div><a href='#' onClick='toggleBox("stack-trace1863704140", this, "Click to show all stack frames", "Click to hide stack frames")'>Click to show all stack frames</a>
<div class='stack-trace' id='stack-trace1863704140'><pre>java.lang.AssertionError: Invalid result expected [NaN] but found [1.0]
	at org.testng.Assert.fail(Assert.java:96)
	at org.testng.Assert.failNotEquals(Assert.java:776)
	at org.testng.Assert.assertEqualsImpl(Assert.java:137)
	at org.testng.Assert.assertEquals(Assert.java:118)
	at com.epam.tat.calctest.testng.TstSqrt.sqrtTest(TstSqrt.java:21)
	at sun.reflect.NativeMethodAccessorImpl.invoke0(Native Method)
	at sun.reflect.NativeMethodAccessorImpl.invoke(NativeMethodAccessorImpl.java:62)
	at sun.reflect.DelegatingMethodAccessorImpl.invoke(DelegatingMethodAccessorImpl.java:43)
	at java.lang.reflect.Method.invoke(Method.java:498)
	at org.testng.internal.MethodInvocationHelper.invokeMethod(MethodInvocationHelper.java:124)
	at org.testng.internal.Invoker.invokeMethod(Invoker.java:583)
	at org.testng.internal.Invoker.invokeTestMethod(Invoker.java:719)
	at org.testng.internal.Invoker.invokeTestMethods(Invoker.java:989)
	at org.testng.internal.TestMethodWorker.invokeTestMethods(TestMethodWorker.java:125)
	at org.testng.internal.TestMethodWorker.run(TestMethodWorker.java:109)
	at org.testng.TestRunner.privateRun(TestRunner.java:648)
	at org.testng.TestRunner.run(TestRunner.java:505)
	at org.testng.SuiteRunner.runTest(SuiteRunner.java:455)
	at org.testng.SuiteRunner.access$000(SuiteRunner.java:40)
	at org.testng.SuiteRunner$SuiteWorker.run(SuiteRunner.java:489)
	at org.testng.internal.thread.ThreadUtil$1.call(ThreadUtil.java:52)
	at java.util.concurrent.FutureTask.run(FutureTask.java:266)
	at java.util.concurrent.ThreadPoolExecutor.runWorker(ThreadPoolExecutor.java:1149)
	at java.util.concurrent.ThreadPoolExecutor$Worker.run(ThreadPoolExecutor.java:624)
	at java.lang.Thread.run(Thread.java:748)
</pre></div></td>
<td>0</td>
<td>com.epam.tat.calctest.testng.TstSqrt@f6c48ac</td></tr>
</table><p>
<table width='100%' border='1' class='invocation-passed'>
<tr><td colspan='4' align='center'><b>PASSED TESTS</b></td></tr>
<tr><td><b>Test method</b></td>
<td width="30%"><b>Exception</b></td>
<td width="10%"><b>Time (seconds)</b></td>
<td><b>Instance</b></td>
</tr>
<tr>
<td title='com.epam.tat.calctest.testng.TstDiv.divDoubleTest()'><b>divDoubleTest</b><br>Test class: com.epam.tat.calctest.testng.TstDiv<br>Parameters: 0.0, 13.56, 0</td>
<td></td>
<td>0</td>
<td>com.epam.tat.calctest.testng.TstDiv@4dfa3a9d</td></tr>
<tr>
<td title='com.epam.tat.calctest.testng.TstDiv.divDoubleTest()'><b>divDoubleTest</b><br>Test class: com.epam.tat.calctest.testng.TstDiv<br>Parameters: -12.55, 0.0, -Infinity</td>
<td></td>
<td>0</td>
<td>com.epam.tat.calctest.testng.TstDiv@4dfa3a9d</td></tr>
<tr>
<td title='com.epam.tat.calctest.testng.TstDiv.divDoubleTest()'><b>divDoubleTest</b><br>Test class: com.epam.tat.calctest.testng.TstDiv<br>Parameters: 10.0, 0.0, Infinity</td>
<td></td>
<td>0</td>
<td>com.epam.tat.calctest.testng.TstDiv@4dfa3a9d</td></tr>
<tr>
<td title='com.epam.tat.calctest.testng.TstDiv.divDoubleTest()'><b>divDoubleTest</b><br>Test class: com.epam.tat.calctest.testng.TstDiv<br>Parameters: -0.0, -0.0, NaN</td>
<td></td>
<td>0</td>
<td>com.epam.tat.calctest.testng.TstDiv@4dfa3a9d</td></tr>
<tr>
<td title='com.epam.tat.calctest.testng.TstDiv.divDoubleTest()'><b>divDoubleTest</b><br>Test class: com.epam.tat.calctest.testng.TstDiv<br>Parameters: 0.0, -0.0, NaN</td>
<td></td>
<td>0</td>
<td>com.epam.tat.calctest.testng.TstDiv@4dfa3a9d</td></tr>
<tr>
<td title='com.epam.tat.calctest.testng.TstDiv.divDoubleTest()'><b>divDoubleTest</b><br>Test class: com.epam.tat.calctest.testng.TstDiv<br>Parameters: 7.8, 0.25, 31.2</td>
<td></td>
<td>0</td>
<td>com.epam.tat.calctest.testng.TstDiv@4dfa3a9d</td></tr>
<tr>
<td title='com.epam.tat.calctest.testng.TstDiv.divDoubleTest()'><b>divDoubleTest</b><br>Test class: com.epam.tat.calctest.testng.TstDiv<br>Parameters: -0.5758, 0.016, -35.9875</td>
<td></td>
<td>0</td>
<td>com.epam.tat.calctest.testng.TstDiv@4dfa3a9d</td></tr>
<tr>
<td title='com.epam.tat.calctest.testng.TstDiv.divDoubleTest()'><b>divDoubleTest</b><br>Test class: com.epam.tat.calctest.testng.TstDiv<br>Parameters: 4042.66, -144.22, -28.031202329773954</td>
<td></td>
<td>0</td>
<td>com.epam.tat.calctest.testng.TstDiv@4dfa3a9d</td></tr>
<tr>
<td title='com.epam.tat.calctest.testng.TstMult.multDoubleTest()'><b>multDoubleTest</b><br>Test class: com.epam.tat.calctest.testng.TstMult<br>Parameters: 0.0, 3.56, 0</td>
<td></td>
<td>0</td>
<td>com.epam.tat.calctest.testng.TstMult@6eebc39e</td></tr>
<tr>
<td title='com.epam.tat.calctest.testng.TstMult.multDoubleTest()'><b>multDoubleTest</b><br>Test class: com.epam.tat.calctest.testng.TstMult<br>Parameters: -12.55, 0, -0.0</td>
<td></td>
<td>0</td>
<td>com.epam.tat.calctest.testng.TstMult@6eebc39e</td></tr>
<tr>
<td title='com.epam.tat.calctest.testng.TstMult.multDoubleTest()'><b>multDoubleTest</b><br>Test class: com.epam.tat.calctest.testng.TstMult<br>Parameters: -0.0, 0.0, -0.0</td>
<td></td>
<td>0</td>
<td>com.epam.tat.calctest.testng.TstMult@6eebc39e</td></tr>
<tr>
<td title='com.epam.tat.calctest.testng.TstMult.multDoubleTest()'><b>multDoubleTest</b><br>Test class: com.epam.tat.calctest.testng.TstMult<br>Parameters: 0.0, -0.0, -0.0</td>
<td></td>
<td>0</td>
<td>com.epam.tat.calctest.testng.TstMult@6eebc39e</td></tr>
<tr>
<td title='com.epam.tat.calctest.testng.TstMult.multDoubleTest()'><b>multDoubleTest</b><br>Test class: com.epam.tat.calctest.testng.TstMult<br>Parameters: 0.0, 0.0, 0.0</td>
<td></td>
<td>0</td>
<td>com.epam.tat.calctest.testng.TstMult@6eebc39e</td></tr>
<tr>
<td title='com.epam.tat.calctest.testng.TstPow.powTest()'><b>powTest</b><br>Test class: com.epam.tat.calctest.testng.TstPow<br>Parameters: 0.0, 0.0, 1.0</td>
<td></td>
<td>0</td>
<td>com.epam.tat.calctest.testng.TstPow@464bee09</td></tr>
<tr>
<td title='com.epam.tat.calctest.testng.TstPow.powTest()'><b>powTest</b><br>Test class: com.epam.tat.calctest.testng.TstPow<br>Parameters: 0.0, 1, 0.0</td>
<td></td>
<td>0</td>
<td>com.epam.tat.calctest.testng.TstPow@464bee09</td></tr>
<tr>
<td title='com.epam.tat.calctest.testng.TstPow.powTest()'><b>powTest</b><br>Test class: com.epam.tat.calctest.testng.TstPow<br>Parameters: 10.0, 1, 10.0</td>
<td></td>
<td>0</td>
<td>com.epam.tat.calctest.testng.TstPow@464bee09</td></tr>
<tr>
<td title='com.epam.tat.calctest.testng.TstPow.powTest()'><b>powTest</b><br>Test class: com.epam.tat.calctest.testng.TstPow<br>Parameters: 3, 4, 81</td>
<td></td>
<td>0</td>
<td>com.epam.tat.calctest.testng.TstPow@464bee09</td></tr>
<tr>
<td title='com.epam.tat.calctest.testng.TstPow.powTest()'><b>powTest</b><br>Test class: com.epam.tat.calctest.testng.TstPow<br>Parameters: 4.0, -2, 0.0625</td>
<td></td>
<td>0</td>
<td>com.epam.tat.calctest.testng.TstPow@464bee09</td></tr>
<tr>
<td title='com.epam.tat.calctest.testng.TstSqrt.sqrtTest()'><b>sqrtTest</b><br>Test class: com.epam.tat.calctest.testng.TstSqrt<br>Parameters: 0.0, 0.0</td>
<td></td>
<td>0</td>
<td>com.epam.tat.calctest.testng.TstSqrt@f6c48ac</td></tr>
<tr>
<td title='com.epam.tat.calctest.testng.TstSqrt.sqrtTest()'><b>sqrtTest</b><br>Test class: com.epam.tat.calctest.testng.TstSqrt<br>Parameters: 1, 1</td>
<td></td>
<td>0</td>
<td>com.epam.tat.calctest.testng.TstSqrt@f6c48ac</td></tr>
<tr>
<td title='com.epam.tat.calctest.testng.TstSqrt.sqrtTest()'><b>sqrtTest</b><br>Test class: com.epam.tat.calctest.testng.TstSqrt<br>Parameters: 121, 11</td>
<td></td>
<td>0</td>
<td>com.epam.tat.calctest.testng.TstSqrt@f6c48ac</td></tr>
<tr>
<td title='com.epam.tat.calctest.testng.TstSqrt.sqrtTest()'><b>sqrtTest</b><br>Test class: com.epam.tat.calctest.testng.TstSqrt<br>Parameters: NaN, NaN</td>
<td></td>
<td>0</td>
<td>com.epam.tat.calctest.testng.TstSqrt@f6c48ac</td></tr>
<tr>
<td title='com.epam.tat.calctest.testng.TstSqrt.sqrtTest()'><b>sqrtTest</b><br>Test class: com.epam.tat.calctest.testng.TstSqrt<br>Parameters: Infinity, Infinity</td>
<td></td>
<td>0</td>
<td>com.epam.tat.calctest.testng.TstSqrt@f6c48ac</td></tr>
<tr>
<td title='com.epam.tat.calctest.testng.TstSub.sumDoubleTest()'><b>sumDoubleTest</b><br>Test class: com.epam.tat.calctest.testng.TstSub<br>Parameters: 0.0, 3.56, -3.56</td>
<td></td>
<td>0</td>
<td>com.epam.tat.calctest.testng.TstSub@13deb50e</td></tr>
<tr>
<td title='com.epam.tat.calctest.testng.TstSub.sumDoubleTest()'><b>sumDoubleTest</b><br>Test class: com.epam.tat.calctest.testng.TstSub<br>Parameters: -12.55, 14.56, -27.11</td>
<td></td>
<td>0</td>
<td>com.epam.tat.calctest.testng.TstSub@13deb50e</td></tr>
<tr>
<td title='com.epam.tat.calctest.testng.TstSub.sumDoubleTest()'><b>sumDoubleTest</b><br>Test class: com.epam.tat.calctest.testng.TstSub<br>Parameters: 0, 0.0, 0.0</td>
<td></td>
<td>0</td>
<td>com.epam.tat.calctest.testng.TstSub@13deb50e</td></tr>
<tr>
<td title='com.epam.tat.calctest.testng.TstSub.sumDoubleTest()'><b>sumDoubleTest</b><br>Test class: com.epam.tat.calctest.testng.TstSub<br>Parameters: -1.5555, 10.3333, -11.8888</td>
<td></td>
<td>0</td>
<td>com.epam.tat.calctest.testng.TstSub@13deb50e</td></tr>
<tr>
<td title='com.epam.tat.calctest.testng.TstSum.sumDoubleTest()'><b>sumDoubleTest</b><br>Test class: com.epam.tat.calctest.testng.TstSum<br>Parameters: 0.0, 3.56, 3.56</td>
<td></td>
<td>0</td>
<td>com.epam.tat.calctest.testng.TstSum@239963d8</td></tr>
<tr>
<td title='com.epam.tat.calctest.testng.TstSum.sumDoubleTest()'><b>sumDoubleTest</b><br>Test class: com.epam.tat.calctest.testng.TstSum<br>Parameters: -12.55, 14.56, 2.01</td>
<td></td>
<td>0</td>
<td>com.epam.tat.calctest.testng.TstSum@239963d8</td></tr>
<tr>
<td title='com.epam.tat.calctest.testng.TstSum.sumDoubleTest()'><b>sumDoubleTest</b><br>Test class: com.epam.tat.calctest.testng.TstSum<br>Parameters: 0, 0.0, 0</td>
<td></td>
<td>0</td>
<td>com.epam.tat.calctest.testng.TstSum@239963d8</td></tr>
<tr>
<td title='com.epam.tat.calctest.testng.TstSum.sumDoubleTest()'><b>sumDoubleTest</b><br>Test class: com.epam.tat.calctest.testng.TstSum<br>Parameters: 1.5555, 10.3333, 11.8888</td>
<td></td>
<td>0</td>
<td>com.epam.tat.calctest.testng.TstSum@239963d8</td></tr>
</table><p>
</body>
</html>